\BOOKMARK [1][-]{section.1}{\376\377\000E\000i\000n\000l\000e\000i\000t\000u\000n\000g}{}% 1
\BOOKMARK [2][-]{subsection.1.1}{\376\377\000A\000u\000f\000g\000a\000b\000e\000n\000s\000t\000e\000l\000l\000u\000n\000g\000\040\000f\000\374\000r\000\040\000d\000i\000e\000\040\000A\000r\000b\000e\000i\000t}{section.1}% 2
\BOOKMARK [1][-]{section.2}{\376\377\000T\000h\000e\000o\000r\000e\000t\000i\000s\000c\000h\000e\000r\000\040\000H\000i\000n\000t\000e\000r\000g\000r\000u\000n\000d}{}% 3
\BOOKMARK [2][-]{subsection.2.1}{\376\377\000M\000e\000t\000a\000m\000o\000r\000p\000h\000o\000s\000e\000\040\000v\000o\000n\000\040\000S\000c\000h\000n\000e\000e}{section.2}% 4
\BOOKMARK [2][-]{subsection.2.2}{\376\377\000L\000a\000w\000i\000n\000e\000n\000\040\000i\000n\000\040\000d\000e\000r\000\040\000S\000c\000h\000w\000e\000i\000z}{section.2}% 5
\BOOKMARK [2][-]{subsection.2.3}{\376\377\000E\000n\000t\000s\000t\000e\000h\000u\000n\000g\000\040\000d\000e\000r\000\040\000G\000l\000e\000i\000t\000s\000c\000h\000n\000e\000e\000l\000a\000w\000i\000n\000e}{section.2}% 6
\BOOKMARK [1][-]{section.3}{\376\377\000P\000h\000y\000s\000i\000k\000a\000l\000i\000s\000c\000h\000e\000\040\000P\000r\000i\000n\000z\000i\000p\000i\000e\000n\000\040\000u\000n\000d\000\040\000k\000o\000m\000m\000e\000r\000z\000i\000e\000l\000l\000e\000\040\000P\000r\000o\000d\000u\000k\000t\000e\000\040\000z\000u\000r\000\040\000M\000e\000s\000s\000u\000n\000g\000\040\000d\000e\000s\000\040\000L\000W\000C}{}% 7
\BOOKMARK [2][-]{subsection.3.1}{\376\377\000P\000h\000y\000s\000i\000k\000a\000l\000i\000s\000c\000h\000e\000\040\000P\000r\000i\000n\000z\000i\000p\000i\000e\000n\000\040\000z\000u\000r\000\040\000M\000e\000s\000s\000u\000n\000g\000\040\000d\000e\000s\000\040\000L\000W\000C}{section.3}% 8
\BOOKMARK [2][-]{subsection.3.2}{\376\377\000K\000o\000m\000m\000e\000r\000z\000i\000e\000l\000l\000e\000\040\000P\000r\000o\000d\000u\000k\000t\000e}{section.3}% 9
\BOOKMARK [1][-]{section.4}{\376\377\000K\000o\000n\000z\000e\000p\000t\000i\000o\000n\000e\000l\000l\000e\000\040\000P\000l\000a\000n\000u\000n\000g\000\040\000u\000n\000d\000\040\000N\000u\000t\000z\000e\000r\000a\000n\000f\000o\000r\000d\000e\000r\000u\000n\000g\000e\000n}{}% 10
\BOOKMARK [2][-]{subsection.4.1}{\376\377\000U\000s\000e\000r\000\040\000S\000t\000o\000r\000y\000s}{section.4}% 11
\BOOKMARK [1][-]{section.5}{\376\377\000V\000o\000r\000s\000t\000u\000d\000i\000e}{}% 12
\BOOKMARK [2][-]{subsection.5.1}{\376\377\000M\000e\000c\000h\000a\000n\000i\000s\000c\000h\000e\000\040\000A\000n\000r\000e\000g\000u\000n\000g\000\040\000d\000u\000r\000c\000h\000\040\000V\000i\000b\000r\000a\000t\000i\000o\000n}{section.5}% 13
\BOOKMARK [2][-]{subsection.5.2}{\376\377\000E\000l\000e\000k\000t\000r\000i\000s\000c\000h\000e\000r\000\040\000W\000i\000d\000e\000r\000s\000t\000a\000n\000d}{section.5}% 14
\BOOKMARK [2][-]{subsection.5.3}{\376\377\000D\000i\000f\000f\000u\000s\000i\000o\000n\000\040\000v\000o\000n\000\040\000F\000l\000\374\000s\000s\000i\000g\000k\000e\000i\000t}{section.5}% 15
\BOOKMARK [2][-]{subsection.5.4}{\376\377\000R\000e\000f\000r\000a\000k\000t\000i\000o\000n\000\040\000u\000n\000d\000\040\000R\000e\000f\000l\000e\000x\000i\000o\000n\000\040\000e\000i\000n\000e\000s\000\040\000L\000a\000s\000e\000r\000s}{section.5}% 16
\BOOKMARK [2][-]{subsection.5.5}{\376\377\000W\000a\000t\000e\000r\000\040\000I\000n\000d\000i\000k\000a\000t\000o\000r\000\040\000T\000a\000p\000e}{section.5}% 17
\BOOKMARK [2][-]{subsection.5.6}{\376\377\000R\000e\000f\000l\000e\000x\000i\000o\000n\000\040\000z\000u\000r\000\040\000V\000o\000r\000s\000t\000u\000d\000i\000e}{section.5}% 18
\BOOKMARK [2][-]{subsection.5.7}{\376\377\000A\000u\000s\000w\000a\000h\000l\000\040\000d\000e\000s\000\040\000p\000h\000y\000s\000i\000k\000a\000l\000i\000s\000c\000h\000e\000n\000\040\000P\000r\000i\000n\000z\000i\000p\000s}{section.5}% 19
\BOOKMARK [1][-]{section.6}{\376\377\000F\000u\000n\000k\000t\000i\000o\000n\000s\000m\000u\000s\000t\000e\000r\000e\000n\000t\000w\000i\000c\000k\000l\000u\000n\000g\000,\000\040\000T\000e\000s\000t\000s\000\040\000u\000n\000d\000\040\000W\000e\000i\000t\000e\000r\000e\000n\000t\000w\000i\000c\000k\000l\000u\000n\000g}{}% 20
\BOOKMARK [2][-]{subsection.6.1}{\376\377\000A\000g\000i\000l\000e\000s\000\040\000H\000a\000r\000d\000w\000a\000r\000e\000\040\000D\000e\000v\000e\000l\000o\000p\000m\000e\000n\000t}{section.6}% 21
\BOOKMARK [2][-]{subsection.6.2}{\376\377\000M\000e\000s\000s\000a\000b\000l\000a\000u\000f}{section.6}% 22
\BOOKMARK [2][-]{subsection.6.3}{\376\377\000E\000i\000g\000e\000n\000s\000c\000h\000a\000f\000t\000e\000n\000\040\000d\000e\000r\000\040\000F\000u\000n\000k\000t\000i\000o\000n\000s\000m\000u\000s\000t\000e\000r}{section.6}% 23
\BOOKMARK [2][-]{subsection.6.4}{\376\377\000F\000u\000n\000k\000t\000i\000o\000n\000s\000w\000e\000i\000s\000e\000\040\000d\000e\000r\000\040\000B\000i\000l\000d\000v\000e\000r\000a\000r\000b\000e\000i\000t\000u\000n\000g}{section.6}% 24
\BOOKMARK [2][-]{subsection.6.5}{\376\377\000E\000x\000t\000r\000a\000h\000i\000e\000r\000e\000n\000\040\000v\000o\000n\000\040\000I\000n\000f\000o\000r\000m\000a\000t\000i\000o\000n\000e\000n\000\040\000a\000u\000s\000\040\000B\000i\000l\000d\000d\000a\000t\000e\000n}{section.6}% 25
\BOOKMARK [2][-]{subsection.6.6}{\376\377\000E\000r\000g\000e\000b\000n\000i\000s\000s\000e\000\040\000d\000e\000r\000\040\000V\000e\000r\000s\000u\000c\000h\000e}{section.6}% 26
\BOOKMARK [2][-]{subsection.6.7}{\376\377\000M\000\366\000g\000l\000i\000c\000h\000e\000\040\000G\000r\000\374\000n\000d\000e\000\040\000d\000e\000r\000\040\000h\000o\000h\000e\000n\000\040\000V\000a\000r\000i\000a\000n\000z\000\040\000d\000e\000r\000\040\000z\000w\000e\000i\000t\000e\000n\000\040\000I\000t\000e\000r\000a\000t\000i\000o\000n}{section.6}% 27
\BOOKMARK [2][-]{subsection.6.8}{\376\377\000V\000e\000r\000b\000e\000s\000s\000e\000r\000u\000n\000g\000s\000m\000\366\000g\000l\000i\000c\000h\000k\000e\000i\000t\000e\000n\000\040\000d\000e\000s\000\040\000F\000u\000n\000k\000t\000i\000o\000n\000s\000m\000u\000s\000t\000e\000r\000s}{section.6}% 28
\BOOKMARK [2][-]{subsection.6.9}{\376\377\000V\000o\000l\000l\000a\000u\000t\000o\000m\000a\000t\000i\000s\000c\000h\000e\000\040\000D\000u\000r\000c\000h\000f\000\374\000h\000r\000u\000n\000g\000\040\000u\000n\000d\000\040\000W\000e\000i\000t\000e\000r\000e\000n\000t\000w\000i\000c\000k\000l\000u\000n\000g\000\040\000d\000e\000r\000\040\000M\000e\000s\000s\000u\000n\000g}{section.6}% 29
\BOOKMARK [1][-]{section.7}{\376\377\000F\000a\000z\000i\000t}{}% 30
\BOOKMARK [2][-]{subsection.7.1}{\376\377\000P\000e\000r\000s\000\366\000n\000l\000i\000c\000h\000e\000\040\000E\000r\000f\000a\000h\000r\000u\000n\000g}{section.7}% 31
\BOOKMARK [2][-]{subsection.7.2}{\376\377\000F\000a\000z\000i\000t}{section.7}% 32
\BOOKMARK [2][-]{subsection.7.3}{\376\377\000Z\000u\000s\000a\000m\000m\000e\000n\000f\000a\000s\000s\000u\000n\000g}{section.7}% 33
\BOOKMARK [1][-]{section.8}{\376\377\000A\000u\000s\000b\000l\000i\000c\000k}{}% 34
